GH23_e757.hmm|GH23:106	111	APOce_Scaffold_7180000000010|quiver_dupTrim=3297_1225	271	7.7e-55	1	110	137	246	0.9819819819819819
GT83_e87.hmm|GT83:7|GT2:1	356	APOce_Scaffold_7180000000010|quiver_dupTrim=3297_128	486	1.1e-20	5	307	18	317	0.848314606741573
GT2_e2579.hmm|GT2:125	227	APOce_Scaffold_7180000000010|quiver_dupTrim=3297_1320	638	1.6e-122	2	227	259	484	0.9911894273127754
AA1_e1.hmm|AA1:57|AA1_3:53|1.10.3.2:1	342	APOce_Scaffold_7180000000010|quiver_dupTrim=3297_1517	437	3e-39	22	340	36	429	0.9298245614035088
GH3_e228.hmm|GH3:993	222	APOce_Scaffold_7180000000010|quiver_dupTrim=3297_2046	337	1.5e-96	1	222	60	278	0.9954954954954955
GT19_e34.hmm|GT19:469	357	APOce_Scaffold_7180000000010|quiver_dupTrim=3297_2353	388	5.8e-160	1	355	5	363	0.9915966386554622
GT92_e3.hmm|GT92:11	207	APOce_Scaffold_7180000000010|quiver_dupTrim=3297_2559	345	3.5e-17	1	147	11	164	0.7053140096618358
CBM50_e982.hmm|CBM50:29	48	APOce_Scaffold_7180000000010|quiver_dupTrim=3297_2644	442	6.2e-29	1	48	392	439	0.9791666666666666
AA2_e1.hmm|AA2:59	252	APOce_Scaffold_7180000000010|quiver_dupTrim=3297_2760	723	3.6e-16	14	109	82	178	0.376984126984127
GT28_e3.hmm|GT28:199	163	APOce_Scaffold_7180000000010|quiver_dupTrim=3297_2776	368	3.5e-81	1	163	188	350	0.9938650306748467
GT4_e94.hmm|GT4:87	158	APOce_Scaffold_7180000000010|quiver_dupTrim=3297_300	412	1.9e-72	2	157	227	381	0.9810126582278481
AA4_e1.hmm|AA4:19	525	APOce_Scaffold_7180000000010|quiver_dupTrim=3297_3087	462	6.5e-22	44	249	35	231	0.3904761904761905
GT2_e3557.hmm|GT2:8	98	APOce_Scaffold_7180000000010|quiver_dupTrim=3297_341	337	2.3e-27	1	92	50	140	0.9285714285714286
GT2_e3446.hmm|GT2:47	155	APOce_Scaffold_7180000000010|quiver_dupTrim=3297_3481	326	2.5e-44	1	154	15	184	0.9870967741935484
GT30_e64.hmm|GT30:30	158	APOce_Scaffold_7180000000010|quiver_dupTrim=3297_52	412	3.5e-27	1	157	33	193	0.9873417721518988
GT81_e1.hmm|GT81:626	206	APOce_Scaffold_7180000000010|quiver_dupTrim=3297_577	414	9e-104	2	206	117	321	0.9902912621359223
GH23_e847.hmm|GH23:180	130	APOce_Scaffold_7180000000010|quiver_dupTrim=3297_839	648	1.1e-60	1	130	494	623	0.9923076923076923
GH103_e30.hmm|GH103:437	293	APOce_Scaffold_7180000000010|quiver_dupTrim=3297_849	392	5.1e-153	2	293	29	320	0.9931740614334471
GT94_e3.hmm|GT94:7	297	APOce_Scaffold_7180000000010|quiver_dupTrim=3297_101	403	1.8e-36	2	289	91	368	0.9663299663299664
GT2_e3781.hmm|GT2:40	162	APOce_Scaffold_7180000000010|quiver_dupTrim=3297_126	249	4.7e-72	1	162	6	168	0.9938271604938271
GT2_e285.hmm|GT2:630	347	APOce_Scaffold_7180000000010|quiver_dupTrim=3297_1512	599	1.3e-126	4	338	92	422	0.962536023054755
GH109_e7.hmm|GH109:31	390	APOce_Scaffold_7180000000010|quiver_dupTrim=3297_1815	322	2.6e-16	18	157	22	160	0.3564102564102564
GT2_e4192.hmm|GT2:86	162	APOce_Scaffold_7180000000010|quiver_dupTrim=3297_3507	301	3.3e-70	1	161	12	172	0.9876543209876543
GT2_e1128.hmm|GT2:8	106	APOce_Scaffold_7180000000010|quiver_dupTrim=3297_372	308	6.2e-31	1	105	6	112	0.9811320754716981
GT2_e3910.hmm|GT2:463	174	APOce_Scaffold_7180000000010|quiver_dupTrim=3297_1276	346	9.3e-69	1	167	29	193	0.9540229885057471
AA3_e57.hmm|AA3_2:11	532	APOce_Scaffold_7180000000010|quiver_dupTrim=3297_1626	553	2.3e-194	2	531	4	529	0.9943609022556391
GT4_e3930.hmm|GT4:52|CE4:1	149	APOce_Scaffold_7180000000010|quiver_dupTrim=3297_1758	423	5.1e-57	3	146	196	340	0.959731543624161
CE11_e5.hmm|CE11:202	272	APOce_Scaffold_7180000000010|quiver_dupTrim=3297_1855	321	1.9e-139	1	272	16	288	0.9963235294117647
GH23_e48.hmm|GH23:14	69	APOce_Scaffold_7180000000010|quiver_dupTrim=3297_1875	200	8.4e-33	2	69	94	161	0.9710144927536232
GT2_e2807.hmm|GT2:6	206	APOce_Scaffold_7180000000010|quiver_dupTrim=3297_2010	301	6.1e-41	10	203	1	206	0.9368932038834952
GH23_e571.hmm|GH23:204	118	APOce_Scaffold_7180000000010|quiver_dupTrim=3297_22	193	4.7e-65	1	117	54	170	0.9830508474576272
GH102_e29.hmm|GH102:152	134	APOce_Scaffold_7180000000010|quiver_dupTrim=3297_251	343	6.1e-67	1	134	102	235	0.9925373134328358
GT92_e3.hmm|GT92:11	207	APOce_Scaffold_7180000000010|quiver_dupTrim=3297_2560	774	1.4e-25	1	207	445	673	0.9951690821256038
CBM50_e391.hmm|CBM50:1681	49	APOce_Scaffold_7180000000010|quiver_dupTrim=3297_2992	143	3.2e-29	1	49	93	141	0.9795918367346939
GT4_e966.hmm|GT4:262	163	APOce_Scaffold_7180000000010|quiver_dupTrim=3297_3344	403	4.4e-71	2	162	211	371	0.9815950920245399
GT14_e83.hmm|GT14:173	242	APOce_Scaffold_7180000000010|quiver_dupTrim=3297_342	569	1.6e-117	1	242	7	248	0.9958677685950413
GT2_e2498.hmm|GT2:70|2.4.1.-:1	165	APOce_Scaffold_7180000000010|quiver_dupTrim=3297_3479	314	3.8e-45	1	164	6	171	0.9878787878787879
GT4_e584.hmm|GT4:7|GT1:1|GT0:1	118	APOce_Scaffold_7180000000010|quiver_dupTrim=3297_3482	384	1.1e-19	1	98	187	287	0.8220338983050848
GT4_e2790.hmm|GT4:9	147	APOce_Scaffold_7180000000010|quiver_dupTrim=3297_3484	388	3.7e-64	1	147	205	351	0.9931972789115646
GT2_e670.hmm|GT2:7	271	APOce_Scaffold_7180000000010|quiver_dupTrim=3297_3501	345	8.6e-130	2	271	27	300	0.992619926199262
GT2_e3249.hmm|GT2:6	274	APOce_Scaffold_7180000000010|quiver_dupTrim=3297_380	347	9.9e-54	1	262	8	303	0.9525547445255474
GH23_e610.hmm|GH23:194	107	APOce_Scaffold_7180000000011|quiver_26	385	1.6e-53	1	106	159	265	0.9813084112149533
GT14_e60.hmm|GT14:175	243	APOce_Scaffold_7180000000010|quiver_dupTrim=3297_1051	526	9.1e-136	2	243	6	247	0.9917695473251029
GT2_e1678.hmm|GT2:8	105	APOce_Scaffold_7180000000010|quiver_dupTrim=3297_2209	279	4e-47	1	105	7	111	0.9904761904761905
GT8_e114.hmm|GT8:248	233	APOce_Scaffold_7180000000010|quiver_dupTrim=3297_2260	267	3.2e-121	2	233	5	234	0.9914163090128756
GH23_e673.hmm|GH23:175|CBM50:1	103	APOce_Scaffold_7180000000010|quiver_dupTrim=3297_2374	196	2.5e-53	2	101	95	194	0.9611650485436893
CBM50_e1000.hmm|CBM50:157	42	APOce_Scaffold_7180000000010|quiver_dupTrim=3297_2595	379	1.5e-18	1	42	71	112	0.9761904761904762
CBM50_e405.hmm|CBM50:10	44	APOce_Scaffold_7180000000010|quiver_dupTrim=3297_2595	379	5.9e-22	2	44	164	206	0.9545454545454546
GT83_e17.hmm|GT83:8	349	APOce_Scaffold_7180000000010|quiver_dupTrim=3297_2971	497	2.3e-92	1	349	31	379	0.997134670487106
GT2_e3557.hmm|GT2:8	98	APOce_Scaffold_7180000000010|quiver_dupTrim=3297_340	353	4.2e-27	1	97	66	161	0.9795918367346939
GT4_e3725.hmm|GT4:9	129	APOce_Scaffold_7180000000010|quiver_dupTrim=3297_371	397	8.2e-48	2	124	208	331	0.9457364341085271
GH103_e38.hmm|GH103:605	294	APOce_Scaffold_7180000000010|quiver_dupTrim=3297_397	442	3.2e-140	1	293	72	364	0.9931972789115646
GH109_e7.hmm|GH109:31	390	APOce_Scaffold_7180000000013|quiver_24	396	5.8e-19	2	146	6	149	0.36923076923076925
GT30_e29.hmm|GT30:39	172	APOce_Scaffold_7180000000010|quiver_dupTrim=3297_1263	414	2.1e-70	1	171	26	200	0.9883720930232558
GH23_e576.hmm|GH23:70	125	APOce_Scaffold_7180000000010|quiver_dupTrim=3297_157	241	3.1e-56	2	124	59	181	0.976
GT107_e0.hmm|GT107:1594|2.4.99.-:2	525	APOce_Scaffold_7180000000010|quiver_dupTrim=3297_1787	660	2e-125	213	493	34	319	0.5333333333333333
GT107_e0.hmm|GT107:1594|2.4.99.-:2	525	APOce_Scaffold_7180000000010|quiver_dupTrim=3297_1787	660	8.2e-146	158	520	308	655	0.6895238095238095
GT92_e3.hmm|GT92:11	207	APOce_Scaffold_7180000000010|quiver_dupTrim=3297_1958	300	1.4e-41	1	205	35	255	0.9855072463768116
GH108_e5.hmm|GH108:209	89	APOce_Scaffold_7180000000010|quiver_dupTrim=3297_2459	204	5.7e-43	1	89	10	98	0.9887640449438202
GT51_e77.hmm|GT51:1530	178	APOce_Scaffold_7180000000010|quiver_dupTrim=3297_2495	857	4.6e-77	2	177	67	240	0.9831460674157303
CE4_e204.hmm|CE4:24	107	APOce_Scaffold_7180000000010|quiver_dupTrim=3297_2679	295	6.8e-16	1	106	64	171	0.9813084112149533
GT2_e4028.hmm|GT2:10	231	APOce_Scaffold_7180000000010|quiver_dupTrim=3297_314	291	4e-83	1	230	9	235	0.9913419913419913
CE4_e177.hmm|CE4:5337|3.5.1.41:1	100	APOce_Scaffold_7180000000010|quiver_dupTrim=3297_3281	473	5.4e-44	1	100	81	180	0.99
GT45_e2.hmm|GT45:6	83	APOce_Scaffold_7180000000010|quiver_dupTrim=3297_3407	228	3.4e-30	12	82	1	71	0.8433734939759037
GH16_e14.hmm|GH16_21:709|3.2.1.73:46|GH16:9|3.2.1.6:5|CBM6:3|CBM13:2|CBM22:2|GH11:2|3.2.1.8:2|CBM61:1|CBM2:1|CBM4:1|GH9:1|CBM16:1	200	APOce_Scaffold_7180000000010|quiver_dupTrim=3297_3480	274	3.5e-59	5	199	56	257	0.97
GH16_e34.hmm|GH16:38|GH16_21:1	215	APOce_Scaffold_7180000000010|quiver_dupTrim=3297_3487	1459	7.2e-64	7	211	17	212	0.9488372093023256
CE3_e2.hmm|CE3:11	204	APOce_Scaffold_7180000000010|quiver_dupTrim=3297_3487	1459	4.9e-17	1	97	256	365	0.47058823529411764
GT2_e1487.hmm|GT2:15	242	APOce_Scaffold_7180000000010|quiver_dupTrim=3297_3502	301	2.9e-95	1	237	11	245	0.9752066115702479
GT2_e310.hmm|GT2:5	151	APOce_Scaffold_7180000000010|quiver_dupTrim=3297_3510	401	1.1e-68	1	151	8	159	0.9933774834437086
GT51_e37.hmm|GT51:209	156	APOce_Scaffold_7180000000010|quiver_dupTrim=3297_361	243	4e-77	1	155	70	224	0.9871794871794872
GH13_e237.hmm|GH13_18:242	341	APOce_Scaffold_7180000000010|quiver_dupTrim=3297_576	580	7.7e-168	1	341	91	431	0.9970674486803519
GT51_e144.hmm|GT51:1920|2.4.1.129:1	168	APOce_Scaffold_7180000000010|quiver_dupTrim=3297_831	717	6.3e-64	4	168	119	304	0.9761904761904762
GH23_e864.hmm|GH23:164	106	APOce_Scaffold_7180000000011|quiver_21	205	3.4e-53	2	105	95	198	0.9716981132075472
